This is pdfTeX, Version 3.14159265-2.6-1.40.20 (TeX Live 2019/Debian) (preloaded format=pdflatex 2022.9.14)  24 DEC 2022 21:52
entering extended mode
 restricted \write18 enabled.
 %&-line parsing enabled.
**proposal_game.tex
(./proposal_game.tex
LaTeX2e <2020-02-02> patch level 2
L3 programming layer <2020-02-14>
(/usr/share/texlive/texmf-dist/tex/latex/base/book.cls
Document Class: book 2019/12/20 v1.4l Standard LaTeX document class
(/usr/share/texlive/texmf-dist/tex/latex/base/bk12.clo
File: bk12.clo 2019/12/20 v1.4l Standard LaTeX file (size option)
)
\c@part=\count167
\c@chapter=\count168
\c@section=\count169
\c@subsection=\count170
\c@subsubsection=\count171
\c@paragraph=\count172
\c@subparagraph=\count173
\c@figure=\count174
\c@table=\count175
\abovecaptionskip=\skip47
\belowcaptionskip=\skip48
\bibindent=\dimen134
)
(/usr/share/texlive/texmf-dist/tex/latex/base/inputenc.sty
Package: inputenc 2018/08/11 v1.3c Input encoding file
\inpenc@prehook=\toks14
\inpenc@posthook=\toks15
)
(/usr/share/texlive/texmf-dist/tex/latex/graphics/graphicx.sty
Package: graphicx 2019/11/30 v1.2a Enhanced LaTeX Graphics (DPC,SPQR)

(/usr/share/texlive/texmf-dist/tex/latex/graphics/keyval.sty
Package: keyval 2014/10/28 v1.15 key=value parser (DPC)
\KV@toks@=\toks16
)
(/usr/share/texlive/texmf-dist/tex/latex/graphics/graphics.sty
Package: graphics 2019/11/30 v1.4a Standard LaTeX Graphics (DPC,SPQR)

(/usr/share/texlive/texmf-dist/tex/latex/graphics/trig.sty
Package: trig 2016/01/03 v1.10 sin cos tan (DPC)
)
(/usr/share/texlive/texmf-dist/tex/latex/graphics-cfg/graphics.cfg
File: graphics.cfg 2016/06/04 v1.11 sample graphics configuration
)
Package graphics Info: Driver file: pdftex.def on input line 105.

(/usr/share/texlive/texmf-dist/tex/latex/graphics-def/pdftex.def
File: pdftex.def 2018/01/08 v1.0l Graphics/color driver for pdftex
))
\Gin@req@height=\dimen135
\Gin@req@width=\dimen136
)
(/usr/share/texlive/texmf-dist/tex/latex/l3backend/l3backend-pdfmode.def
File: l3backend-pdfmode.def 2020-02-03 L3 backend support: PDF mode
\l__kernel_color_stack_int=\count176
\l__pdf_internal_box=\box45
)
(./proposal_game.aux)
\openout1 = `proposal_game.aux'.

LaTeX Font Info:    Checking defaults for OML/cmm/m/it on input line 6.
LaTeX Font Info:    ... okay on input line 6.
LaTeX Font Info:    Checking defaults for OMS/cmsy/m/n on input line 6.
LaTeX Font Info:    ... okay on input line 6.
LaTeX Font Info:    Checking defaults for OT1/cmr/m/n on input line 6.
LaTeX Font Info:    ... okay on input line 6.
LaTeX Font Info:    Checking defaults for T1/cmr/m/n on input line 6.
LaTeX Font Info:    ... okay on input line 6.
LaTeX Font Info:    Checking defaults for TS1/cmr/m/n on input line 6.
LaTeX Font Info:    ... okay on input line 6.
LaTeX Font Info:    Checking defaults for OMX/cmex/m/n on input line 6.
LaTeX Font Info:    ... okay on input line 6.
LaTeX Font Info:    Checking defaults for U/cmr/m/n on input line 6.
LaTeX Font Info:    ... okay on input line 6.

(/usr/share/texlive/texmf-dist/tex/context/base/mkii/supp-pdf.mkii
[Loading MPS to PDF converter (version 2006.09.02).]
\scratchcounter=\count177
\scratchdimen=\dimen137
\scratchbox=\box46
\nofMPsegments=\count178
\nofMParguments=\count179
\everyMPshowfont=\toks17
\MPscratchCnt=\count180
\MPscratchDim=\dimen138
\MPnumerator=\count181
\makeMPintoPDFobject=\count182
\everyMPtoPDFconversion=\toks18
) (/usr/share/texlive/texmf-dist/tex/latex/epstopdf-pkg/epstopdf-base.sty
Package: epstopdf-base 2020-01-24 v2.11 Base part for package epstopdf
Package epstopdf-base Info: Redefining graphics rule for `.eps' on input line 4
85.

(/usr/share/texlive/texmf-dist/tex/latex/latexconfig/epstopdf-sys.cfg
File: epstopdf-sys.cfg 2010/07/13 v1.3 Configuration of (r)epstopdf for TeX Liv
e
))
<./images/ce.png, id=1, 347.79938pt x 347.79938pt>
File: ./images/ce.png Graphic file (type png)
<use ./images/ce.png>
Package pdftex.def Info: ./images/ce.png  used on input line 13.
(pdftex.def)             Requested size: 227.62204pt x 227.62186pt.
LaTeX Font Info:    External font `cmex10' loaded for size
(Font)              <14.4> on input line 13.
LaTeX Font Info:    External font `cmex10' loaded for size
(Font)              <7> on input line 13.

[1



{/var/lib/texmf/fonts/map/pdftex/updmap/pdftex.map} <./images/ce.png>]
(./proposal_game.toc
LaTeX Font Info:    External font `cmex10' loaded for size
(Font)              <12> on input line 2.
LaTeX Font Info:    External font `cmex10' loaded for size
(Font)              <8> on input line 2.
LaTeX Font Info:    External font `cmex10' loaded for size
(Font)              <6> on input line 2.
)
\tf@toc=\write3
\openout3 = `proposal_game.toc'.

 [1

]
Chapter 1.

Overfull \hbox (21.49435pt too wide) in paragraph at lines 24--25
[]\OT1/cmr/m/n/12 Di perku-li-a-han Struk-tur Data dan Anal-isa Al-go-ritma sem
ester ini, mahasiswa-
 []

[1


] [2]
Chapter 2.
<./images/main_menu.png, id=23, 1843.88875pt x 1007.765pt>
File: ./images/main_menu.png Graphic file (type png)
<use ./images/main_menu.png>
Package pdftex.def Info: ./images/main_menu.png  used on input line 40.
(pdftex.def)             Requested size: 284.52756pt x 155.4946pt.
<./images/game_over.png, id=24, 1846.9pt x 1013.7875pt>
File: ./images/game_over.png Graphic file (type png)
<use ./images/game_over.png>
Package pdftex.def Info: ./images/game_over.png  used on input line 41.
(pdftex.def)             Requested size: 284.52756pt x 156.17635pt.
<./images/in_game.png, id=25, 1830.84pt x 1014.79124pt>
File: ./images/in_game.png Graphic file (type png)
<use ./images/in_game.png>
Package pdftex.def Info: ./images/in_game.png  used on input line 46.
(pdftex.def)             Requested size: 284.52756pt x 157.6936pt.

LaTeX Warning: `h' float specifier changed to `ht'.

<./images/lakon.png, id=26, 256.96pt x 256.96pt>
File: ./images/lakon.png Graphic file (type png)
<use ./images/lakon.png>
Package pdftex.def Info: ./images/lakon.png  used on input line 51.
(pdftex.def)             Requested size: 284.52756pt x 284.55066pt.

LaTeX Warning: `h' float specifier changed to `ht'.

<./images/wolf.png, id=27, 481.8pt x 289.08pt>
File: ./images/wolf.png Graphic file (type png)
<use ./images/wolf.png>
Package pdftex.def Info: ./images/wolf.png  used on input line 56.
(pdftex.def)             Requested size: 284.52756pt x 170.71892pt.

LaTeX Warning: `h' float specifier changed to `ht'.

<./images/MeatnOthers.png, id=28, 30.8352pt x 26.9808pt>
File: ./images/MeatnOthers.png Graphic file (type png)
<use ./images/MeatnOthers.png>
Package pdftex.def Info: ./images/MeatnOthers.png  used on input line 61.
(pdftex.def)             Requested size: 284.52756pt x 249.14398pt.
<./images/grass.png, id=29, 642.4pt x 642.4pt>
File: ./images/grass.png Graphic file (type png)
<use ./images/grass.png>
Package pdftex.def Info: ./images/grass.png  used on input line 66.
(pdftex.def)             Requested size: 284.52756pt x 284.5291pt.

LaTeX Warning: `h' float specifier changed to `ht'.

<./images/48x48_trees.png, id=30, 192.72pt x 48.18pt>
File: ./images/48x48_trees.png Graphic file (type png)
<use ./images/48x48_trees.png>
Package pdftex.def Info: ./images/48x48_trees.png  used on input line 71.
(pdftex.def)             Requested size: 284.52756pt x 71.13174pt.
[3

 <./images/main_menu.png> <./images/game_over.png>] [4 <./images/in_game.png> <
./images/lakon.png>] [5 <./images/wolf.png> <./images/MeatnOthers.png>]
[6 <./images/grass.png (PNG copy)> <./images/48x48_trees.png>]
Chapter 3.
[7

]
Overfull \hbox (196.62529pt too wide) in paragraph at lines 237--237
[]\OT1/cmtt/m/n/12 Lakon::setTextureRect(sf::IntRect(0*spriteSize.x, 0*spriteSi
ze.y, spriteSize.x, spriteSize.y));[] 
 []


Overfull \hbox (29.9002pt too wide) in paragraph at lines 237--237
[]\OT1/cmtt/m/n/12 Lakon::setPosition(global::width_window/2, global::height_wi
ndow/2);[] 
 []


Overfull \hbox (165.75027pt too wide) in paragraph at lines 237--237
[]\OT1/cmtt/m/n/12 moveDownAnim[i] = sf::IntRect(i*spriteSize.x, 0*spriteSize.y
, spriteSize.x, spriteSize.y);[] 
 []


Overfull \hbox (153.40027pt too wide) in paragraph at lines 237--237
[]\OT1/cmtt/m/n/12 moveUpAnim[i] = sf::IntRect(i*spriteSize.x, 1*spriteSize.y, 
spriteSize.x, spriteSize.y);[] 
 []


Overfull \hbox (171.92528pt too wide) in paragraph at lines 237--237
[]\OT1/cmtt/m/n/12 moveRightAnim[i] = sf::IntRect(i*spriteSize.x, 2*spriteSize.
y, spriteSize.x, spriteSize.y);[] 
 []


Overfull \hbox (165.75027pt too wide) in paragraph at lines 237--237
[]\OT1/cmtt/m/n/12 moveLeftAnim[i] = sf::IntRect(i*spriteSize.x, 3*spriteSize.y
, spriteSize.x, spriteSize.y);[] 
 []

[8]
Overfull \hbox (91.65024pt too wide) in paragraph at lines 237--237
[]\OT1/cmtt/m/n/12 sf::RectangleShape rectangle(sf::Vector2f((Lakon::health/100
) * 220.f, 30.f));[] 
 []

[9]
Overfull \hbox (48.42522pt too wide) in paragraph at lines 237--237
[]\OT1/cmtt/m/n/12 }else{  // if there is no command yet, set animation to "sta
nding" mode[] 
 []

[10]
Overfull \hbox (165.75027pt too wide) in paragraph at lines 489--489
[]\OT1/cmtt/m/n/12 char orientation;  // for determine wolf orientation, 'h' fo
r horizontal, 'v' for vertical[] 
 []

[11]
Overfull \hbox (73.12523pt too wide) in paragraph at lines 489--489
[]\OT1/cmtt/m/n/12 Animal::spriteSize_ver = sf::Vector2i(32, 64);  // for verti
cal orientation[] 
 []


Overfull \hbox (301.60034pt too wide) in paragraph at lines 489--489
[]\OT1/cmtt/m/n/12 Animal::setTextureRect(sf::IntRect(0*spriteSize_ver.x, 0*spr
iteSize_ver.y, spriteSize_ver.x, spriteSize_ver.y));[] 
 []


Overfull \hbox (171.92528pt too wide) in paragraph at lines 489--489
[]\OT1/cmtt/m/n/12 Animal::setOrigin(spriteSize_ver.x / 2, spriteSize_ver.y / 2
);  // for vertical orientation[] 
 []


Overfull \hbox (264.55032pt too wide) in paragraph at lines 489--489
[]\OT1/cmtt/m/n/12 moveDownAnim[i] = sf::IntRect(i*spriteSize_ver.x, 2*spriteSi
ze_ver.y, spriteSize_ver.x, spriteSize_ver.y);[] 
 []


Overfull \hbox (276.90033pt too wide) in paragraph at lines 489--489
[]\OT1/cmtt/m/n/12 moveUpAnim[i] = sf::IntRect((i+5)*spriteSize_ver.x, 2*sprite
Size_ver.y, spriteSize_ver.x, spriteSize_ver.y);[] 
 []


Overfull \hbox (295.42534pt too wide) in paragraph at lines 489--489
[]\OT1/cmtt/m/n/12 moveRightAnim[i] = sf::IntRect((i+5)*spriteSize_ver.y, 3*spr
iteSize_ver.x, spriteSize_ver.y, spriteSize_ver.x);[] 
 []


Overfull \hbox (289.25034pt too wide) in paragraph at lines 489--489
[]\OT1/cmtt/m/n/12 moveLeftAnim[i] = sf::IntRect((i+5)*spriteSize_ver.y, 9*spri
teSize_ver.x, spriteSize_ver.y, spriteSize_ver.x);[] 
 []


Overfull \hbox (252.20032pt too wide) in paragraph at lines 489--489
[]\OT1/cmtt/m/n/12 biteUpAnim[i] = sf::IntRect(i*spriteSize_ver.x, 4*spriteSize
_ver.y, spriteSize_ver.x, spriteSize_ver.y);[] 
 []


Overfull \hbox (289.25034pt too wide) in paragraph at lines 489--489
[]\OT1/cmtt/m/n/12 biteDownAnim[i] = sf::IntRect((i+5)*spriteSize_ver.x, 4*spri
teSize_ver.y, spriteSize_ver.x, spriteSize_ver.y);[] 
 []

[12]
Overfull \hbox (295.42534pt too wide) in paragraph at lines 489--489
[]\OT1/cmtt/m/n/12 biteRightAnim[i] = sf::IntRect((i+5)*spriteSize_ver.y, 5*spr
iteSize_ver.x, spriteSize_ver.y, spriteSize_ver.x);[] 
 []


Overfull \hbox (295.42534pt too wide) in paragraph at lines 489--489
[]\OT1/cmtt/m/n/12 biteLeftAnim[i] = sf::IntRect((i+5)*spriteSize_ver.y, 11*spr
iteSize_ver.x, spriteSize_ver.y, spriteSize_ver.x);[] 
 []


Overfull \hbox (91.65024pt too wide) in paragraph at lines 489--489
[]\OT1/cmtt/m/n/12 sf::RectangleShape rectangle(sf::Vector2f((Animal::health/10
0) * 50.f, 10.f));[] 
 []


Overfull \hbox (171.92528pt too wide) in paragraph at lines 489--489
[]\OT1/cmtt/m/n/12 rectangle.setPosition(sf::Vector2f(Animal::getPosition().x, 
Animal::getPosition().y - 40));[] 
 []

[13]
Overfull \hbox (60.77522pt too wide) in paragraph at lines 489--489
[]\OT1/cmtt/m/n/12 //         Animal::setOrigin(spriteSize_ver.x / 2, spriteSiz
e_ver.y / 2);[] 
 []


Overfull \hbox (60.77522pt too wide) in paragraph at lines 489--489
[]\OT1/cmtt/m/n/12 //         Animal::setOrigin(spriteSize_ver.x / 2, spriteSiz
e_ver.y / 2);[] 
 []

[14]
Overfull \hbox (60.77522pt too wide) in paragraph at lines 489--489
[]\OT1/cmtt/m/n/12 //         Animal::setOrigin(spriteSize_ver.y / 2, spriteSiz
e_ver.x / 2);[] 
 []


Overfull \hbox (60.77522pt too wide) in paragraph at lines 489--489
[]\OT1/cmtt/m/n/12 //         Animal::setOrigin(spriteSize_ver.y / 2, spriteSiz
e_ver.x / 2);[] 
 []

[15]
Overfull \hbox (332.47536pt too wide) in paragraph at lines 489--489
[]\OT1/cmtt/m/n/12 // printf("iter: %d, command : %c, orientation: %c\n", Anima
l::iter_move_anim, Animal::command, Animal::orientation);[] 
 []

[16] [17]
Overfull \hbox (11.3752pt too wide) in paragraph at lines 568--568
[]\OT1/cmtt/m/n/12 Food::food_texture.loadFromFile("assets/images/MeatnOthers.p
ng");[] 
 []


Overfull \hbox (190.45029pt too wide) in paragraph at lines 568--568
[]\OT1/cmtt/m/n/12 Food::setTextureRect(sf::IntRect(0*spriteSize.x, 0*spriteSiz
e.y, spriteSize.x, spriteSize.y));[] 
 []


Overfull \hbox (23.7252pt too wide) in paragraph at lines 568--568
[]\OT1/cmtt/m/n/12 void determine_vel(sf::Vector2f lakon_pos, sf::Vector2i mous
e_pos){[] 
 []

[18] [19]
Chapter 4.

Overfull \hbox (73.12523pt too wide) in paragraph at lines 594--594
[]\OT1/cmtt/m/n/12 meat.determine_vel(Kratosss.getPosition(), sf::Mouse::getPos
ition(window));[] 
 []

[20

] [21]
Chapter 5.
[22

] (./proposal_game.aux) ) 
Here is how much of TeX's memory you used:
 1271 strings out of 483183
 18903 string characters out of 5966292
 247570 words of memory out of 5000000
 16306 multiletter control sequences out of 15000+600000
 539020 words of font info for 46 fonts, out of 8000000 for 9000
 14 hyphenation exceptions out of 8191
 30i,6n,25p,835b,290s stack positions out of 5000i,500n,10000p,200000b,80000s
</usr/share/texlive/texmf-dist/fonts/type1/public/amsf
onts/cm/cmbx12.pfb></usr/share/texlive/texmf-dist/fonts/type1/public/amsfonts/c
m/cmr12.pfb></usr/share/texlive/texmf-dist/fonts/type1/public/amsfonts/cm/cmr17
.pfb></usr/share/texlive/texmf-dist/fonts/type1/public/amsfonts/cm/cmsl12.pfb><
/usr/share/texlive/texmf-dist/fonts/type1/public/amsfonts/cm/cmti12.pfb></usr/s
hare/texlive/texmf-dist/fonts/type1/public/amsfonts/cm/cmtt12.pfb>
Output written on proposal_game.pdf (24 pages, 3011956 bytes).
PDF statistics:
 123 PDF objects out of 1000 (max. 8388607)
 73 compressed objects within 1 object stream
 0 named destinations out of 1000 (max. 500000)
 46 words of extra memory for PDF output out of 10000 (max. 10000000)

